. 2026-04-22 22:06:24.381 --------------------------------------------------------------------------
. 2026-04-22 22:06:24.382 WinSCP Version 6.5.6 (Build 16502 2026-03-25) (OS 10.0.19044 – Windows 10 Pro)
. 2026-04-22 22:06:24.382 Configuration: HKCU\Software\Martin Prikryl\WinSCP 2\
. 2026-04-22 22:06:24.382 Log level: Normal
. 2026-04-22 22:06:24.382 Local account: SHERPAS\malu
. 2026-04-22 22:06:24.382 Working directory: C:\Repos\alfonsdotter
. 2026-04-22 22:06:24.382 Process ID: 5732
. 2026-04-22 22:06:24.411 Ancestor processes: WinSCP, pwsh, Code, Code, explorer, ...
. 2026-04-22 22:06:24.411 Command-line: "C:\Program Files (x86)\WinSCP\WinSCP.exe" /console=6.5.6 /consoleinstance=_18384_1 "/script=C:\Users\malu\AppData\Local\Temp\tmpp0lfgu.tmp.txt" "/log=C:\Repos\alfonsdotter\winscp.log" 
. 2026-04-22 22:06:24.412 Time zone: Current: GMT+2, Standard: GMT+1 (W. Europe Standard Time), DST: GMT+2 (W. Europe Daylight Time), DST Start: 2026-03-29, DST End: 2026-10-25
. 2026-04-22 22:06:24.412 Login time: Wednesday, 22 April 2026 22:06:24
. 2026-04-22 22:06:24.412 --------------------------------------------------------------------------
. 2026-04-22 22:06:24.412 Script: Retrospectively logging previous script records:
> 2026-04-22 22:06:24.412 Script: option batch abort
< 2026-04-22 22:06:24.412 Script: batch           abort     
> 2026-04-22 22:06:24.412 Script: option confirm off
< 2026-04-22 22:06:24.412 Script: confirm         off       
> 2026-04-22 22:06:24.412 Script: open ftpes://uwwas403210:***@iis2.ilait.se:21/
. 2026-04-22 22:06:24.412 --------------------------------------------------------------------------
. 2026-04-22 22:06:24.412 Session name: uwwas403210@iis2.ilait.se (Ad-Hoc site)
. 2026-04-22 22:06:24.412 Host name: iis2.ilait.se (Port: 21)
. 2026-04-22 22:06:24.412 User name: uwwas403210 (Password: Yes, Key file: No, Passphrase: No)
. 2026-04-22 22:06:24.412 Transfer Protocol: FTP
. 2026-04-22 22:06:24.412 Ping type: Dummy, Ping interval: 30 sec; Timeout: 15 sec
. 2026-04-22 22:06:24.412 Disable Nagle: No
. 2026-04-22 22:06:24.412 Proxy: None
. 2026-04-22 22:06:24.412 Send buffer: 262144
. 2026-04-22 22:06:24.412 UTF: Auto
. 2026-04-22 22:06:24.412 FTPS: Explicit TLS/SSL [Client certificate: No]
. 2026-04-22 22:06:24.412 FTP: Passive: Yes [Force IP: Auto]; MLSD: Auto [List all: Auto]; HOST: Auto
. 2026-04-22 22:06:24.412 Session reuse: Yes
. 2026-04-22 22:06:24.412 TLS/SSL versions: TLSv1.2-TLSv1.3
. 2026-04-22 22:06:24.412 Local directory: default, Remote directory: home, Update: Yes, Cache: Yes
. 2026-04-22 22:06:24.412 Cache directory changes: Yes, Permanent: Yes
. 2026-04-22 22:06:24.412 Recycle bin: Delete to: No, Overwritten to: No, Bin path: 
. 2026-04-22 22:06:24.412 Timezone offset: 0h 0m
. 2026-04-22 22:06:24.412 --------------------------------------------------------------------------
< 2026-04-22 22:06:24.440 Script: Connecting to iis2.ilait.se ...
. 2026-04-22 22:06:24.441 Connecting to iis2.ilait.se ...
. 2026-04-22 22:06:24.500 Connected with iis2.ilait.se, negotiating TLS connection...
. 2026-04-22 22:06:24.535 IIS detected.
< 2026-04-22 22:06:24.535 220 Microsoft FTP Service
> 2026-04-22 22:06:24.535 AUTH TLS
< 2026-04-22 22:06:24.568 234 AUTH command ok. Expecting TLS Negotiation.
. 2026-04-22 22:06:24.663 Verifying certificate for "" with fingerprint fa:60:b1:8e:a3:56:12:50:ea:b0:58:4c:5d:ab:f8:8e:3d:2a:48:7f:49:24:17:4c:8c:e0:db:e8:9a:8d:bc:06 and 20 failures
. 2026-04-22 22:06:24.663 Certificate common name "*.ilait.se" matches hostname
. 2026-04-22 22:06:25.024 Certificate verified against Windows certificate store
. 2026-04-22 22:06:25.024 Using TLSv1.2, cipher TLSv1.2: ECDHE-RSA-AES256-GCM-SHA384, 4096 bit RSA, ECDHE-RSA-AES256-GCM-SHA384    TLSv1.2 Kx=ECDH     Au=RSA   Enc=AESGCM(256)            Mac=AEAD
< 2026-04-22 22:06:25.024 Script: TLS connection established. Waiting for welcome message...
. 2026-04-22 22:06:25.024 TLS connection established. Waiting for welcome message...
> 2026-04-22 22:06:25.024 USER uwwas403210
< 2026-04-22 22:06:25.059 331 Password required
> 2026-04-22 22:06:25.059 PASS *****************
< 2026-04-22 22:06:25.103 530 User cannot log in.
. 2026-04-22 22:06:25.103 Connection failed.
< 2026-04-22 22:06:25.107 Script: Access denied.
. 2026-04-22 22:06:25.108 Password prompt (last login attempt failed)
< 2026-04-22 22:06:25.111 Script: Authentication failed.
